  main.cpp
C:\Users\mmaar\Documents\GitHub\Steel-Engine\Steel Engine\Steel Engine\GUI.h(21,61): warning C4244: 'argument': conversion from 'T' to 'T', possible loss of data
          with
          [
              T=unsigned int
          ]
          and
          [
              T=float
          ]
C:\Users\mmaar\Documents\GitHub\Steel-Engine\Steel Engine\Steel Engine\GUI.h(27,93): warning C4244: 'argument': conversion from 'T' to 'T', possible loss of data
          with
          [
              T=unsigned int
          ]
          and
          [
              T=float
          ]
C:\Users\mmaar\Documents\GitHub\Steel-Engine\Steel Engine\Steel Engine\GUI.h(33,66): warning C4244: 'argument': conversion from 'T' to 'T', possible loss of data
          with
          [
              T=unsigned int
          ]
          and
          [
              T=float
          ]
C:\Users\mmaar\Documents\GitHub\Steel-Engine\Steel Engine\Steel Engine\SteelEngine.h(40,13): warning C4101: 'event': unreferenced local variable
C:\Users\mmaar\Documents\GitHub\Steel-Engine\Steel Engine\Steel Engine\SteelEngine.h(65,65): warning C4244: 'argument': conversion from 'unsigned int' to 'T', possible loss of data
          with
          [
              T=float
          ]
C:\Users\mmaar\Documents\GitHub\Steel-Engine\Steel Engine\Steel Engine\SteelEngine.h(65,47): warning C4244: 'argument': conversion from 'unsigned int' to 'T', possible loss of data
          with
          [
              T=float
          ]
  Steel Engine.vcxproj -> C:\Users\mmaar\Documents\GitHub\Steel-Engine\Steel Engine\Debug\Steel Engine.exe
